{
  "RSpec": {
    "coverage": {
      "/home/dimanyc/Desktop/ruby_sandbox/steamspa/app/helpers/application_helper.rb": [
        1,
        null
      ],
      "/home/dimanyc/Desktop/ruby_sandbox/steamspa/app/controllers/application_controller.rb": [
        1,
        null,
        null,
        1,
        null
      ],
      "/home/dimanyc/Desktop/ruby_sandbox/steamspa/app/models/blurb.rb": [
        1,
        null,
        1,
        null,
        1,
        1,
        null,
        null
      ],
      "/home/dimanyc/Desktop/ruby_sandbox/steamspa/app/models/category_feature.rb": [
        1,
        null,
        1,
        null,
        1,
        1,
        null,
        null
      ],
      "/home/dimanyc/Desktop/ruby_sandbox/steamspa/app/models/category.rb": [
        1,
        null,
        1,
        null,
        1,
        null,
        1,
        1,
        null,
        1,
        1,
        null,
        1,
        null,
        null
      ],
      "/home/dimanyc/Desktop/ruby_sandbox/steamspa/app/models/feature.rb": [
        1,
        null,
        1,
        null,
        1,
        1,
        null,
        null
      ],
      "/home/dimanyc/Desktop/ruby_sandbox/steamspa/app/models/page.rb": [
        1,
        null,
        1,
        null,
        1,
        null,
        null
      ],
      "/home/dimanyc/Desktop/ruby_sandbox/steamspa/app/models/photo.rb": [
        1,
        null,
        1,
        1,
        null,
        1,
        1,
        null,
        1,
        1,
        null,
        null,
        1,
        null,
        null,
        null,
        null,
        null,
        null,
        1,
        null,
        null
      ],
      "/home/dimanyc/Desktop/ruby_sandbox/steamspa/app/models/product_category.rb": [
        1,
        null,
        1,
        null,
        1,
        1,
        null,
        null
      ],
      "/home/dimanyc/Desktop/ruby_sandbox/steamspa/app/models/product_photo.rb": [
        1,
        null,
        1,
        null,
        1,
        1,
        null,
        null
      ],
      "/home/dimanyc/Desktop/ruby_sandbox/steamspa/app/models/product.rb": [
        1,
        null,
        1,
        null,
        1,
        null,
        1,
        1,
        null,
        1,
        1,
        null,
        null,
        null
      ],
      "/home/dimanyc/Desktop/ruby_sandbox/steamspa/app/models/variation_photo.rb": [
        1,
        null,
        1,
        null,
        1,
        1,
        null,
        null
      ],
      "/home/dimanyc/Desktop/ruby_sandbox/steamspa/app/models/variation.rb": [
        1,
        null,
        1,
        null,
        1,
        null,
        1,
        1,
        null,
        null
      ]
    },
    "timestamp": 1469500288
  }
}
